This file contains any messages produced by compilers while
running configure, to aid debugging if configure makes a mistake.

It was created by BEETL configure 1.0, which was
generated by GNU Autoconf 2.69.  Invocation command line was

  $ ./configure 

## --------- ##
## Platform. ##
## --------- ##

hostname = hwangdeMacBook-Pro.local
uname -m = x86_64
uname -r = 13.3.0
uname -s = Darwin
uname -v = Darwin Kernel Version 13.3.0: Tue Jun  3 21:27:35 PDT 2014; root:xnu-2422.110.17~1/RELEASE_X86_64

/usr/bin/uname -p = i386
/bin/uname -X     = unknown

/bin/arch              = unknown
/usr/bin/arch -k       = unknown
/usr/convex/getsysinfo = unknown
/usr/bin/hostinfo      = Mach kernel version:
	 Darwin Kernel Version 13.3.0: Tue Jun  3 21:27:35 PDT 2014; root:xnu-2422.110.17~1/RELEASE_X86_64
Kernel configured for up to 8 processors.
4 processors are physically available.
8 processors are logically available.
Processor type: i486 (Intel 80486)
Processors active: 0 1 2 3 4 5 6 7
Primary memory available: 16.00 gigabytes
Default processor set: 192 tasks, 1616 threads, 8 processors
Load average: 1.43, Mach factor: 6.55
/bin/machine           = unknown
/usr/bin/oslevel       = unknown
/bin/universe          = unknown

PATH: /usr/bin
PATH: /bin
PATH: /usr/sbin
PATH: /sbin
PATH: /usr/local/bin


## ----------- ##
## Core tests. ##
## ----------- ##

configure:2311: checking for a BSD-compatible install
configure:2379: result: /usr/bin/install -c
configure:2390: checking whether build environment is sane
configure:2445: result: yes
configure:2596: checking for a thread-safe mkdir -p
configure:2635: result: ./install-sh -c -d
configure:2642: checking for gawk
configure:2672: result: no
configure:2642: checking for mawk
configure:2672: result: no
configure:2642: checking for nawk
configure:2672: result: no
configure:2642: checking for awk
configure:2658: found /usr/bin/awk
configure:2669: result: awk
configure:2680: checking whether make sets $(MAKE)
configure:2702: result: yes
configure:2731: checking whether make supports nested variables
configure:2748: result: yes
configure:2943: checking for g++
configure:2959: found /usr/bin/g++
configure:2970: result: g++
configure:2997: checking for C++ compiler version
configure:3006: g++ --version >&5
Apple LLVM version 5.1 (clang-503.0.40) (based on LLVM 3.4svn)
Target: x86_64-apple-darwin13.3.0
Thread model: posix
Configured with: --prefix=/Applications/Xcode.app/Contents/Developer/usr --with-gxx-include-dir=/usr/include/c++/4.2.1
configure:3017: $? = 0
configure:3006: g++ -v >&5
Configured with: --prefix=/Applications/Xcode.app/Contents/Developer/usr --with-gxx-include-dir=/usr/include/c++/4.2.1
Apple LLVM version 5.1 (clang-503.0.40) (based on LLVM 3.4svn)
Target: x86_64-apple-darwin13.3.0
Thread model: posix
configure:3017: $? = 0
configure:3006: g++ -V >&5
clang: error: argument to '-V' is missing (expected 1 value)
clang: error: no input files
configure:3017: $? = 1
configure:3006: g++ -qversion >&5
clang: error: unknown argument: '-qversion' [-Wunused-command-line-argument-hard-error-in-future]
clang: note: this will be a hard error (cannot be downgraded to a warning) in the future
clang: error: no input files
configure:3017: $? = 1
configure:3037: checking whether the C++ compiler works
configure:3059: g++    conftest.cpp  >&5
configure:3063: $? = 0
configure:3111: result: yes
configure:3114: checking for C++ compiler default output file name
configure:3116: result: a.out
configure:3122: checking for suffix of executables
configure:3129: g++ -o conftest    conftest.cpp  >&5
configure:3133: $? = 0
configure:3155: result: 
configure:3177: checking whether we are cross compiling
configure:3185: g++ -o conftest    conftest.cpp  >&5
configure:3189: $? = 0
configure:3196: ./conftest
configure:3200: $? = 0
configure:3215: result: no
configure:3220: checking for suffix of object files
configure:3242: g++ -c   conftest.cpp >&5
configure:3246: $? = 0
configure:3267: result: o
configure:3271: checking whether we are using the GNU C++ compiler
configure:3290: g++ -c   conftest.cpp >&5
configure:3290: $? = 0
configure:3299: result: yes
configure:3308: checking whether g++ accepts -g
configure:3328: g++ -c -g  conftest.cpp >&5
configure:3328: $? = 0
configure:3369: result: yes
configure:3403: checking for style of include used by make
configure:3431: result: GNU
configure:3457: checking dependency style of g++
configure:3568: result: gcc3
configure:3584: checking whether ln -s works
configure:3588: result: yes
configure:3643: checking for gcc
configure:3659: found /usr/bin/gcc
configure:3670: result: gcc
configure:3899: checking for C compiler version
configure:3908: gcc --version >&5
Apple LLVM version 5.1 (clang-503.0.40) (based on LLVM 3.4svn)
Target: x86_64-apple-darwin13.3.0
Thread model: posix
Configured with: --prefix=/Applications/Xcode.app/Contents/Developer/usr --with-gxx-include-dir=/usr/include/c++/4.2.1
configure:3919: $? = 0
configure:3908: gcc -v >&5
Configured with: --prefix=/Applications/Xcode.app/Contents/Developer/usr --with-gxx-include-dir=/usr/include/c++/4.2.1
Apple LLVM version 5.1 (clang-503.0.40) (based on LLVM 3.4svn)
Target: x86_64-apple-darwin13.3.0
Thread model: posix
configure:3919: $? = 0
configure:3908: gcc -V >&5
clang: error: argument to '-V' is missing (expected 1 value)
clang: error: no input files
configure:3919: $? = 1
configure:3908: gcc -qversion >&5
clang: error: unknown argument: '-qversion' [-Wunused-command-line-argument-hard-error-in-future]
clang: note: this will be a hard error (cannot be downgraded to a warning) in the future
clang: error: no input files
configure:3919: $? = 1
configure:3923: checking whether we are using the GNU C compiler
configure:3942: gcc -c   conftest.c >&5
configure:3942: $? = 0
configure:3951: result: yes
configure:3960: checking whether gcc accepts -g
configure:3980: gcc -c -g  conftest.c >&5
configure:3980: $? = 0
configure:4021: result: yes
configure:4038: checking for gcc option to accept ISO C89
configure:4101: gcc  -c -g -O2  conftest.c >&5
configure:4101: $? = 0
configure:4114: result: none needed
configure:4139: checking whether gcc understands -c and -o together
configure:4161: gcc -c conftest.c -o conftest2.o
configure:4164: $? = 0
configure:4161: gcc -c conftest.c -o conftest2.o
configure:4164: $? = 0
configure:4176: result: yes
configure:4195: checking dependency style of gcc
configure:4306: result: gcc3
configure:4364: checking for ranlib
configure:4380: found /usr/bin/ranlib
configure:4391: result: ranlib
configure:4464: checking whether g++ supports C++11 features by default
configure:4490: g++ -c -g -O2  conftest.cpp >&5
conftest.cpp:15:21: error: expected parameter declarator
      static_assert(sizeof(int) <= sizeof(T), "not big enough");
                    ^
conftest.cpp:15:21: error: expected ')'
conftest.cpp:15:20: note: to match this '('
      static_assert(sizeof(int) <= sizeof(T), "not big enough");
                   ^
conftest.cpp:15:7: error: C++ requires a type specifier for all declarations
      static_assert(sizeof(int) <= sizeof(T), "not big enough");
      ^~~~~~~~~~~~~
conftest.cpp:18:29: error: a space is required between consecutive right angle brackets (use '> >')
    typedef check<check<bool>> right_angle_brackets;
                            ^~
                            > >
conftest.cpp:21:5: error: unknown type name 'decltype'
    decltype(a) b;
    ^
conftest.cpp:21:16: error: expected ';' after top level declarator
    decltype(a) b;
               ^
               ;
conftest.cpp:25:15: warning: rvalue references are a C++11 extension [-Wc++11-extensions]
    check_type&& cr = static_cast<check_type&&>(c);
              ^
conftest.cpp:25:45: warning: rvalue references are a C++11 extension [-Wc++11-extensions]
    check_type&& cr = static_cast<check_type&&>(c);
                                            ^
conftest.cpp:27:5: warning: 'auto' type specifier is a C++11 extension [-Wc++11-extensions]
    auto d = a;
    ^
3 warnings and 6 errors generated.
configure:4490: $? = 1
configure: failed program was:
| /* confdefs.h */
| #define PACKAGE_NAME "BEETL"
| #define PACKAGE_TARNAME "beetl"
| #define PACKAGE_VERSION "1.0"
| #define PACKAGE_STRING "BEETL 1.0"
| #define PACKAGE_BUGREPORT "acox@illumina.com"
| #define PACKAGE_URL ""
| #define PACKAGE "beetl"
| #define VERSION "1.0"
| /* end confdefs.h.  */
| 
|   template <typename T>
|     struct check
|     {
|       static_assert(sizeof(int) <= sizeof(T), "not big enough");
|     };
| 
|     typedef check<check<bool>> right_angle_brackets;
| 
|     int a;
|     decltype(a) b;
| 
|     typedef check<int> check_type;
|     check_type c;
|     check_type&& cr = static_cast<check_type&&>(c);
| 
|     auto d = a;
| 
configure:4497: result: no
configure:4506: checking whether g++ supports C++11 features with -std=gnu++11
configure:4534: g++ -c -g -O2 -std=gnu++11  conftest.cpp >&5
configure:4534: $? = 0
configure:4543: result: yes
configure:4643: checking for g++ option to support OpenMP
configure:4658: g++ -o conftest -g -O2 -std=gnu++11   conftest.cpp  >&5
conftest.cpp:14:2: error: unknown type name 'choke'
 choke me
 ^
conftest.cpp:16:10: fatal error: 'omp.h' file not found
#include <omp.h>
         ^
2 errors generated.
configure:4658: $? = 1
configure: failed program was:
| /* confdefs.h */
| #define PACKAGE_NAME "BEETL"
| #define PACKAGE_TARNAME "beetl"
| #define PACKAGE_VERSION "1.0"
| #define PACKAGE_STRING "BEETL 1.0"
| #define PACKAGE_BUGREPORT "acox@illumina.com"
| #define PACKAGE_URL ""
| #define PACKAGE "beetl"
| #define VERSION "1.0"
| #define HAVE_CXX11 1
| /* end confdefs.h.  */
| 
| #ifndef _OPENMP
|  choke me
| #endif
| #include <omp.h>
| int main () { return omp_get_num_threads (); }
| 
configure:4676: g++ -o conftest -g -O2 -std=gnu++11 -fopenmp   conftest.cpp  >&5
conftest.cpp:14:2: error: unknown type name 'choke'
 choke me
 ^
conftest.cpp:16:10: fatal error: 'omp.h' file not found
#include <omp.h>
         ^
2 errors generated.
configure:4676: $? = 1
configure: failed program was:
| /* confdefs.h */
| #define PACKAGE_NAME "BEETL"
| #define PACKAGE_TARNAME "beetl"
| #define PACKAGE_VERSION "1.0"
| #define PACKAGE_STRING "BEETL 1.0"
| #define PACKAGE_BUGREPORT "acox@illumina.com"
| #define PACKAGE_URL ""
| #define PACKAGE "beetl"
| #define VERSION "1.0"
| #define HAVE_CXX11 1
| /* end confdefs.h.  */
| 
| #ifndef _OPENMP
|  choke me
| #endif
| #include <omp.h>
| int main () { return omp_get_num_threads (); }
| 
configure:4676: g++ -o conftest -g -O2 -std=gnu++11 -xopenmp   conftest.cpp  >&5
clang: error: language not recognized: 'openmp'
configure:4676: $? = 1
configure: failed program was:
| /* confdefs.h */
| #define PACKAGE_NAME "BEETL"
| #define PACKAGE_TARNAME "beetl"
| #define PACKAGE_VERSION "1.0"
| #define PACKAGE_STRING "BEETL 1.0"
| #define PACKAGE_BUGREPORT "acox@illumina.com"
| #define PACKAGE_URL ""
| #define PACKAGE "beetl"
| #define VERSION "1.0"
| #define HAVE_CXX11 1
| /* end confdefs.h.  */
| 
| #ifndef _OPENMP
|  choke me
| #endif
| #include <omp.h>
| int main () { return omp_get_num_threads (); }
| 
configure:4676: g++ -o conftest -g -O2 -std=gnu++11 -openmp   conftest.cpp  >&5
conftest.cpp:14:2: error: unknown type name 'choke'
 choke me
 ^
conftest.cpp:16:10: fatal error: 'omp.h' file not found
#include <omp.h>
         ^
2 errors generated.
configure:4676: $? = 1
configure: failed program was:
| /* confdefs.h */
| #define PACKAGE_NAME "BEETL"
| #define PACKAGE_TARNAME "beetl"
| #define PACKAGE_VERSION "1.0"
| #define PACKAGE_STRING "BEETL 1.0"
| #define PACKAGE_BUGREPORT "acox@illumina.com"
| #define PACKAGE_URL ""
| #define PACKAGE "beetl"
| #define VERSION "1.0"
| #define HAVE_CXX11 1
| /* end confdefs.h.  */
| 
| #ifndef _OPENMP
|  choke me
| #endif
| #include <omp.h>
| int main () { return omp_get_num_threads (); }
| 
configure:4676: g++ -o conftest -g -O2 -std=gnu++11 -mp   conftest.cpp  >&5
clang: error: unknown argument: '-mp' [-Wunused-command-line-argument-hard-error-in-future]
clang: note: this will be a hard error (cannot be downgraded to a warning) in the future
configure:4676: $? = 1
configure: failed program was:
| /* confdefs.h */
| #define PACKAGE_NAME "BEETL"
| #define PACKAGE_TARNAME "beetl"
| #define PACKAGE_VERSION "1.0"
| #define PACKAGE_STRING "BEETL 1.0"
| #define PACKAGE_BUGREPORT "acox@illumina.com"
| #define PACKAGE_URL ""
| #define PACKAGE "beetl"
| #define VERSION "1.0"
| #define HAVE_CXX11 1
| /* end confdefs.h.  */
| 
| #ifndef _OPENMP
|  choke me
| #endif
| #include <omp.h>
| int main () { return omp_get_num_threads (); }
| 
configure:4676: g++ -o conftest -g -O2 -std=gnu++11 -omp   conftest.cpp  >&5
conftest.cpp:14:2: error: unknown type name 'choke'
 choke me
 ^
conftest.cpp:16:10: fatal error: 'omp.h' file not found
#include <omp.h>
         ^
2 errors generated.
configure:4676: $? = 1
configure: failed program was:
| /* confdefs.h */
| #define PACKAGE_NAME "BEETL"
| #define PACKAGE_TARNAME "beetl"
| #define PACKAGE_VERSION "1.0"
| #define PACKAGE_STRING "BEETL 1.0"
| #define PACKAGE_BUGREPORT "acox@illumina.com"
| #define PACKAGE_URL ""
| #define PACKAGE "beetl"
| #define VERSION "1.0"
| #define HAVE_CXX11 1
| /* end confdefs.h.  */
| 
| #ifndef _OPENMP
|  choke me
| #endif
| #include <omp.h>
| int main () { return omp_get_num_threads (); }
| 
configure:4676: g++ -o conftest -g -O2 -std=gnu++11 -qsmp=omp   conftest.cpp  >&5
clang: error: unknown argument: '-qsmp=omp' [-Wunused-command-line-argument-hard-error-in-future]
clang: note: this will be a hard error (cannot be downgraded to a warning) in the future
configure:4676: $? = 1
configure: failed program was:
| /* confdefs.h */
| #define PACKAGE_NAME "BEETL"
| #define PACKAGE_TARNAME "beetl"
| #define PACKAGE_VERSION "1.0"
| #define PACKAGE_STRING "BEETL 1.0"
| #define PACKAGE_BUGREPORT "acox@illumina.com"
| #define PACKAGE_URL ""
| #define PACKAGE "beetl"
| #define VERSION "1.0"
| #define HAVE_CXX11 1
| /* end confdefs.h.  */
| 
| #ifndef _OPENMP
|  choke me
| #endif
| #include <omp.h>
| int main () { return omp_get_num_threads (); }
| 
configure:4676: g++ -o conftest -g -O2 -std=gnu++11 -homp   conftest.cpp  >&5
clang: error: unknown argument: '-homp' [-Wunused-command-line-argument-hard-error-in-future]
clang: note: this will be a hard error (cannot be downgraded to a warning) in the future
configure:4676: $? = 1
configure: failed program was:
| /* confdefs.h */
| #define PACKAGE_NAME "BEETL"
| #define PACKAGE_TARNAME "beetl"
| #define PACKAGE_VERSION "1.0"
| #define PACKAGE_STRING "BEETL 1.0"
| #define PACKAGE_BUGREPORT "acox@illumina.com"
| #define PACKAGE_URL ""
| #define PACKAGE "beetl"
| #define VERSION "1.0"
| #define HAVE_CXX11 1
| /* end confdefs.h.  */
| 
| #ifndef _OPENMP
|  choke me
| #endif
| #include <omp.h>
| int main () { return omp_get_num_threads (); }
| 
configure:4676: g++ -o conftest -g -O2 -std=gnu++11 -Popenmp   conftest.cpp  >&5
clang: error: unknown argument: '-Popenmp' [-Wunused-command-line-argument-hard-error-in-future]
clang: note: this will be a hard error (cannot be downgraded to a warning) in the future
configure:4676: $? = 1
configure: failed program was:
| /* confdefs.h */
| #define PACKAGE_NAME "BEETL"
| #define PACKAGE_TARNAME "beetl"
| #define PACKAGE_VERSION "1.0"
| #define PACKAGE_STRING "BEETL 1.0"
| #define PACKAGE_BUGREPORT "acox@illumina.com"
| #define PACKAGE_URL ""
| #define PACKAGE "beetl"
| #define VERSION "1.0"
| #define HAVE_CXX11 1
| /* end confdefs.h.  */
| 
| #ifndef _OPENMP
|  choke me
| #endif
| #include <omp.h>
| int main () { return omp_get_num_threads (); }
| 
configure:4676: g++ -o conftest -g -O2 -std=gnu++11 --openmp   conftest.cpp  >&5
clang: error: unsupported option '--openmp'
configure:4676: $? = 1
configure: failed program was:
| /* confdefs.h */
| #define PACKAGE_NAME "BEETL"
| #define PACKAGE_TARNAME "beetl"
| #define PACKAGE_VERSION "1.0"
| #define PACKAGE_STRING "BEETL 1.0"
| #define PACKAGE_BUGREPORT "acox@illumina.com"
| #define PACKAGE_URL ""
| #define PACKAGE "beetl"
| #define VERSION "1.0"
| #define HAVE_CXX11 1
| /* end confdefs.h.  */
| 
| #ifndef _OPENMP
|  choke me
| #endif
| #include <omp.h>
| int main () { return omp_get_num_threads (); }
| 
configure:4690: result: unsupported
configure:4807: checking how to run the C++ preprocessor
configure:4834: g++ -E  conftest.cpp
configure:4834: $? = 0
configure:4848: g++ -E  conftest.cpp
conftest.cpp:12:10: fatal error: 'ac_nonexistent.h' file not found
#include <ac_nonexistent.h>
         ^
1 error generated.
configure:4848: $? = 1
configure: failed program was:
| /* confdefs.h */
| #define PACKAGE_NAME "BEETL"
| #define PACKAGE_TARNAME "beetl"
| #define PACKAGE_VERSION "1.0"
| #define PACKAGE_STRING "BEETL 1.0"
| #define PACKAGE_BUGREPORT "acox@illumina.com"
| #define PACKAGE_URL ""
| #define PACKAGE "beetl"
| #define VERSION "1.0"
| #define HAVE_CXX11 1
| /* end confdefs.h.  */
| #include <ac_nonexistent.h>
configure:4873: result: g++ -E
configure:4893: g++ -E  conftest.cpp
configure:4893: $? = 0
configure:4907: g++ -E  conftest.cpp
conftest.cpp:12:10: fatal error: 'ac_nonexistent.h' file not found
#include <ac_nonexistent.h>
         ^
1 error generated.
configure:4907: $? = 1
configure: failed program was:
| /* confdefs.h */
| #define PACKAGE_NAME "BEETL"
| #define PACKAGE_TARNAME "beetl"
| #define PACKAGE_VERSION "1.0"
| #define PACKAGE_STRING "BEETL 1.0"
| #define PACKAGE_BUGREPORT "acox@illumina.com"
| #define PACKAGE_URL ""
| #define PACKAGE "beetl"
| #define VERSION "1.0"
| #define HAVE_CXX11 1
| /* end confdefs.h.  */
| #include <ac_nonexistent.h>
configure:4936: checking for grep that handles long lines and -e
configure:4994: result: /usr/bin/grep
configure:4999: checking for egrep
configure:5061: result: /usr/bin/grep -E
configure:5066: checking for ANSI C header files
configure:5086: g++ -c -g -O2 -std=gnu++11  conftest.cpp >&5
configure:5086: $? = 0
configure:5159: g++ -o conftest -g -O2 -std=gnu++11   conftest.cpp  >&5
configure:5159: $? = 0
configure:5159: ./conftest
configure:5159: $? = 0
configure:5170: result: yes
configure:5183: checking for sys/types.h
configure:5183: g++ -c -g -O2 -std=gnu++11  conftest.cpp >&5
configure:5183: $? = 0
configure:5183: result: yes
configure:5183: checking for sys/stat.h
configure:5183: g++ -c -g -O2 -std=gnu++11  conftest.cpp >&5
configure:5183: $? = 0
configure:5183: result: yes
configure:5183: checking for stdlib.h
configure:5183: g++ -c -g -O2 -std=gnu++11  conftest.cpp >&5
configure:5183: $? = 0
configure:5183: result: yes
configure:5183: checking for string.h
configure:5183: g++ -c -g -O2 -std=gnu++11  conftest.cpp >&5
configure:5183: $? = 0
configure:5183: result: yes
configure:5183: checking for memory.h
configure:5183: g++ -c -g -O2 -std=gnu++11  conftest.cpp >&5
configure:5183: $? = 0
configure:5183: result: yes
configure:5183: checking for strings.h
configure:5183: g++ -c -g -O2 -std=gnu++11  conftest.cpp >&5
configure:5183: $? = 0
configure:5183: result: yes
configure:5183: checking for inttypes.h
configure:5183: g++ -c -g -O2 -std=gnu++11  conftest.cpp >&5
configure:5183: $? = 0
configure:5183: result: yes
configure:5183: checking for stdint.h
configure:5183: g++ -c -g -O2 -std=gnu++11  conftest.cpp >&5
configure:5183: $? = 0
configure:5183: result: yes
configure:5183: checking for unistd.h
configure:5183: g++ -c -g -O2 -std=gnu++11  conftest.cpp >&5
configure:5183: $? = 0
configure:5183: result: yes
configure:5198: checking fcntl.h usability
configure:5198: g++ -c -g -O2 -std=gnu++11  conftest.cpp >&5
configure:5198: $? = 0
configure:5198: result: yes
configure:5198: checking fcntl.h presence
configure:5198: g++ -E  conftest.cpp
configure:5198: $? = 0
configure:5198: result: yes
configure:5198: checking for fcntl.h
configure:5198: result: yes
configure:5198: checking for stdlib.h
configure:5198: result: yes
configure:5198: checking for string.h
configure:5198: result: yes
configure:5198: checking sys/time.h usability
configure:5198: g++ -c -g -O2 -std=gnu++11  conftest.cpp >&5
configure:5198: $? = 0
configure:5198: result: yes
configure:5198: checking sys/time.h presence
configure:5198: g++ -E  conftest.cpp
configure:5198: $? = 0
configure:5198: result: yes
configure:5198: checking for sys/time.h
configure:5198: result: yes
configure:5198: checking for unistd.h
configure:5198: result: yes
configure:5210: checking for stdbool.h that conforms to C99
configure:5277: g++ -c -g -O2 -std=gnu++11  conftest.cpp >&5
configure:5277: $? = 0
configure:5284: result: yes
configure:5286: checking for _Bool
configure:5286: g++ -c -g -O2 -std=gnu++11  conftest.cpp >&5
conftest.cpp:63:13: error: use of undeclared identifier '_Bool'
if (sizeof (_Bool))
            ^
1 error generated.
configure:5286: $? = 1
configure: failed program was:
| /* confdefs.h */
| #define PACKAGE_NAME "BEETL"
| #define PACKAGE_TARNAME "beetl"
| #define PACKAGE_VERSION "1.0"
| #define PACKAGE_STRING "BEETL 1.0"
| #define PACKAGE_BUGREPORT "acox@illumina.com"
| #define PACKAGE_URL ""
| #define PACKAGE "beetl"
| #define VERSION "1.0"
| #define HAVE_CXX11 1
| #define STDC_HEADERS 1
| #define HAVE_SYS_TYPES_H 1
| #define HAVE_SYS_STAT_H 1
| #define HAVE_STDLIB_H 1
| #define HAVE_STRING_H 1
| #define HAVE_MEMORY_H 1
| #define HAVE_STRINGS_H 1
| #define HAVE_INTTYPES_H 1
| #define HAVE_STDINT_H 1
| #define HAVE_UNISTD_H 1
| #define HAVE_FCNTL_H 1
| #define HAVE_STDLIB_H 1
| #define HAVE_STRING_H 1
| #define HAVE_SYS_TIME_H 1
| #define HAVE_UNISTD_H 1
| /* end confdefs.h.  */
| #include <stdio.h>
| #ifdef HAVE_SYS_TYPES_H
| # include <sys/types.h>
| #endif
| #ifdef HAVE_SYS_STAT_H
| # include <sys/stat.h>
| #endif
| #ifdef STDC_HEADERS
| # include <stdlib.h>
| # include <stddef.h>
| #else
| # ifdef HAVE_STDLIB_H
| #  include <stdlib.h>
| # endif
| #endif
| #ifdef HAVE_STRING_H
| # if !defined STDC_HEADERS && defined HAVE_MEMORY_H
| #  include <memory.h>
| # endif
| # include <string.h>
| #endif
| #ifdef HAVE_STRINGS_H
| # include <strings.h>
| #endif
| #ifdef HAVE_INTTYPES_H
| # include <inttypes.h>
| #endif
| #ifdef HAVE_STDINT_H
| # include <stdint.h>
| #endif
| #ifdef HAVE_UNISTD_H
| # include <unistd.h>
| #endif
| int
| main ()
| {
| if (sizeof (_Bool))
| 	 return 0;
|   ;
|   return 0;
| }
configure:5286: result: no
configure:5303: checking for an ANSI C-conforming const
configure:5369: g++ -c -g -O2 -std=gnu++11  conftest.cpp >&5
configure:5369: $? = 0
configure:5376: result: yes
configure:5384: checking for off_t
configure:5384: g++ -c -g -O2 -std=gnu++11  conftest.cpp >&5
configure:5384: $? = 0
configure:5384: g++ -c -g -O2 -std=gnu++11  conftest.cpp >&5
conftest.cpp:64:20: error: expected expression
if (sizeof ((off_t)))
                   ^
1 error generated.
configure:5384: $? = 1
configure: failed program was:
| /* confdefs.h */
| #define PACKAGE_NAME "BEETL"
| #define PACKAGE_TARNAME "beetl"
| #define PACKAGE_VERSION "1.0"
| #define PACKAGE_STRING "BEETL 1.0"
| #define PACKAGE_BUGREPORT "acox@illumina.com"
| #define PACKAGE_URL ""
| #define PACKAGE "beetl"
| #define VERSION "1.0"
| #define HAVE_CXX11 1
| #define STDC_HEADERS 1
| #define HAVE_SYS_TYPES_H 1
| #define HAVE_SYS_STAT_H 1
| #define HAVE_STDLIB_H 1
| #define HAVE_STRING_H 1
| #define HAVE_MEMORY_H 1
| #define HAVE_STRINGS_H 1
| #define HAVE_INTTYPES_H 1
| #define HAVE_STDINT_H 1
| #define HAVE_UNISTD_H 1
| #define HAVE_FCNTL_H 1
| #define HAVE_STDLIB_H 1
| #define HAVE_STRING_H 1
| #define HAVE_SYS_TIME_H 1
| #define HAVE_UNISTD_H 1
| #define HAVE_STDBOOL_H 1
| /* end confdefs.h.  */
| #include <stdio.h>
| #ifdef HAVE_SYS_TYPES_H
| # include <sys/types.h>
| #endif
| #ifdef HAVE_SYS_STAT_H
| # include <sys/stat.h>
| #endif
| #ifdef STDC_HEADERS
| # include <stdlib.h>
| # include <stddef.h>
| #else
| # ifdef HAVE_STDLIB_H
| #  include <stdlib.h>
| # endif
| #endif
| #ifdef HAVE_STRING_H
| # if !defined STDC_HEADERS && defined HAVE_MEMORY_H
| #  include <memory.h>
| # endif
| # include <string.h>
| #endif
| #ifdef HAVE_STRINGS_H
| # include <strings.h>
| #endif
| #ifdef HAVE_INTTYPES_H
| # include <inttypes.h>
| #endif
| #ifdef HAVE_STDINT_H
| # include <stdint.h>
| #endif
| #ifdef HAVE_UNISTD_H
| # include <unistd.h>
| #endif
| int
| main ()
| {
| if (sizeof ((off_t)))
| 	    return 0;
|   ;
|   return 0;
| }
configure:5384: result: yes
configure:5395: checking for size_t
configure:5395: g++ -c -g -O2 -std=gnu++11  conftest.cpp >&5
configure:5395: $? = 0
configure:5395: g++ -c -g -O2 -std=gnu++11  conftest.cpp >&5
conftest.cpp:64:21: error: expected expression
if (sizeof ((size_t)))
                    ^
1 error generated.
configure:5395: $? = 1
configure: failed program was:
| /* confdefs.h */
| #define PACKAGE_NAME "BEETL"
| #define PACKAGE_TARNAME "beetl"
| #define PACKAGE_VERSION "1.0"
| #define PACKAGE_STRING "BEETL 1.0"
| #define PACKAGE_BUGREPORT "acox@illumina.com"
| #define PACKAGE_URL ""
| #define PACKAGE "beetl"
| #define VERSION "1.0"
| #define HAVE_CXX11 1
| #define STDC_HEADERS 1
| #define HAVE_SYS_TYPES_H 1
| #define HAVE_SYS_STAT_H 1
| #define HAVE_STDLIB_H 1
| #define HAVE_STRING_H 1
| #define HAVE_MEMORY_H 1
| #define HAVE_STRINGS_H 1
| #define HAVE_INTTYPES_H 1
| #define HAVE_STDINT_H 1
| #define HAVE_UNISTD_H 1
| #define HAVE_FCNTL_H 1
| #define HAVE_STDLIB_H 1
| #define HAVE_STRING_H 1
| #define HAVE_SYS_TIME_H 1
| #define HAVE_UNISTD_H 1
| #define HAVE_STDBOOL_H 1
| /* end confdefs.h.  */
| #include <stdio.h>
| #ifdef HAVE_SYS_TYPES_H
| # include <sys/types.h>
| #endif
| #ifdef HAVE_SYS_STAT_H
| # include <sys/stat.h>
| #endif
| #ifdef STDC_HEADERS
| # include <stdlib.h>
| # include <stddef.h>
| #else
| # ifdef HAVE_STDLIB_H
| #  include <stdlib.h>
| # endif
| #endif
| #ifdef HAVE_STRING_H
| # if !defined STDC_HEADERS && defined HAVE_MEMORY_H
| #  include <memory.h>
| # endif
| # include <string.h>
| #endif
| #ifdef HAVE_STRINGS_H
| # include <strings.h>
| #endif
| #ifdef HAVE_INTTYPES_H
| # include <inttypes.h>
| #endif
| #ifdef HAVE_STDINT_H
| # include <stdint.h>
| #endif
| #ifdef HAVE_UNISTD_H
| # include <unistd.h>
| #endif
| int
| main ()
| {
| if (sizeof ((size_t)))
| 	    return 0;
|   ;
|   return 0;
| }
configure:5395: result: yes
configure:5406: checking whether time.h and sys/time.h may both be included
configure:5426: g++ -c -g -O2 -std=gnu++11  conftest.cpp >&5
configure:5426: $? = 0
configure:5433: result: yes
configure:5443: checking for error_at_line
configure:5459: g++ -o conftest -g -O2 -std=gnu++11   conftest.cpp  >&5
conftest.cpp:29:10: fatal error: 'error.h' file not found
#include <error.h>
         ^
1 error generated.
configure:5459: $? = 1
configure: failed program was:
| /* confdefs.h */
| #define PACKAGE_NAME "BEETL"
| #define PACKAGE_TARNAME "beetl"
| #define PACKAGE_VERSION "1.0"
| #define PACKAGE_STRING "BEETL 1.0"
| #define PACKAGE_BUGREPORT "acox@illumina.com"
| #define PACKAGE_URL ""
| #define PACKAGE "beetl"
| #define VERSION "1.0"
| #define HAVE_CXX11 1
| #define STDC_HEADERS 1
| #define HAVE_SYS_TYPES_H 1
| #define HAVE_SYS_STAT_H 1
| #define HAVE_STDLIB_H 1
| #define HAVE_STRING_H 1
| #define HAVE_MEMORY_H 1
| #define HAVE_STRINGS_H 1
| #define HAVE_INTTYPES_H 1
| #define HAVE_STDINT_H 1
| #define HAVE_UNISTD_H 1
| #define HAVE_FCNTL_H 1
| #define HAVE_STDLIB_H 1
| #define HAVE_STRING_H 1
| #define HAVE_SYS_TIME_H 1
| #define HAVE_UNISTD_H 1
| #define HAVE_STDBOOL_H 1
| #define TIME_WITH_SYS_TIME 1
| /* end confdefs.h.  */
| #include <error.h>
| int
| main ()
| {
| error_at_line (0, 0, "", 0, "an error occurred");
|   ;
|   return 0;
| }
configure:5467: result: no
configure:5480: checking for stdlib.h
configure:5480: result: yes
configure:5490: checking for GNU libc compatible malloc
configure:5514: g++ -o conftest -g -O2 -std=gnu++11   conftest.cpp  >&5
configure:5514: $? = 0
configure:5514: ./conftest
configure:5514: $? = 0
configure:5524: result: yes
configure:5552: checking whether lstat correctly handles trailing slash
configure:5578: g++ -o conftest -g -O2 -std=gnu++11   conftest.cpp  >&5
configure:5578: $? = 0
configure:5578: ./conftest
configure:5578: $? = 1
configure: program exited with status 1
configure: failed program was:
| /* confdefs.h */
| #define PACKAGE_NAME "BEETL"
| #define PACKAGE_TARNAME "beetl"
| #define PACKAGE_VERSION "1.0"
| #define PACKAGE_STRING "BEETL 1.0"
| #define PACKAGE_BUGREPORT "acox@illumina.com"
| #define PACKAGE_URL ""
| #define PACKAGE "beetl"
| #define VERSION "1.0"
| #define HAVE_CXX11 1
| #define STDC_HEADERS 1
| #define HAVE_SYS_TYPES_H 1
| #define HAVE_SYS_STAT_H 1
| #define HAVE_STDLIB_H 1
| #define HAVE_STRING_H 1
| #define HAVE_MEMORY_H 1
| #define HAVE_STRINGS_H 1
| #define HAVE_INTTYPES_H 1
| #define HAVE_STDINT_H 1
| #define HAVE_UNISTD_H 1
| #define HAVE_FCNTL_H 1
| #define HAVE_STDLIB_H 1
| #define HAVE_STRING_H 1
| #define HAVE_SYS_TIME_H 1
| #define HAVE_UNISTD_H 1
| #define HAVE_STDBOOL_H 1
| #define TIME_WITH_SYS_TIME 1
| #define HAVE_STDLIB_H 1
| #define HAVE_MALLOC 1
| /* end confdefs.h.  */
| #include <stdio.h>
| #ifdef HAVE_SYS_TYPES_H
| # include <sys/types.h>
| #endif
| #ifdef HAVE_SYS_STAT_H
| # include <sys/stat.h>
| #endif
| #ifdef STDC_HEADERS
| # include <stdlib.h>
| # include <stddef.h>
| #else
| # ifdef HAVE_STDLIB_H
| #  include <stdlib.h>
| # endif
| #endif
| #ifdef HAVE_STRING_H
| # if !defined STDC_HEADERS && defined HAVE_MEMORY_H
| #  include <memory.h>
| # endif
| # include <string.h>
| #endif
| #ifdef HAVE_STRINGS_H
| # include <strings.h>
| #endif
| #ifdef HAVE_INTTYPES_H
| # include <inttypes.h>
| #endif
| #ifdef HAVE_STDINT_H
| # include <stdint.h>
| #endif
| #ifdef HAVE_UNISTD_H
| # include <unistd.h>
| #endif
| int
| main ()
| {
| struct stat sbuf;
|      /* Linux will dereference the symlink and fail, as required by POSIX.
| 	That is better in the sense that it means we will not
| 	have to compile and use the lstat wrapper.  */
|      return lstat ("conftest.sym/", &sbuf) == 0;
|   ;
|   return 0;
| }
configure:5595: result: no
configure:5614: checking whether stat accepts an empty string
configure:5634: g++ -o conftest -g -O2 -std=gnu++11   conftest.cpp  >&5
configure:5634: $? = 0
configure:5634: ./conftest
configure:5634: $? = 0
configure:5644: result: no
configure:5663: checking for floor
configure:5663: g++ -o conftest -g -O2 -std=gnu++11   conftest.cpp  >&5
configure:5663: $? = 0
configure:5663: result: yes
configure:5663: checking for gettimeofday
configure:5663: g++ -o conftest -g -O2 -std=gnu++11   conftest.cpp  >&5
configure:5663: $? = 0
configure:5663: result: yes
configure:5663: checking for memset
configure:5663: g++ -o conftest -g -O2 -std=gnu++11   conftest.cpp  >&5
configure:5663: $? = 0
configure:5663: result: yes
configure:5663: checking for mkdir
configure:5663: g++ -o conftest -g -O2 -std=gnu++11   conftest.cpp  >&5
configure:5663: $? = 0
configure:5663: result: yes
configure:5663: checking for strchr
configure:5663: g++ -o conftest -g -O2 -std=gnu++11   conftest.cpp  >&5
configure:5663: $? = 0
configure:5663: result: yes
configure:5663: checking for strtoul
configure:5663: g++ -o conftest -g -O2 -std=gnu++11   conftest.cpp  >&5
configure:5663: $? = 0
configure:5663: result: yes
configure:5663: checking for strcasecmp
configure:5663: g++ -o conftest -g -O2 -std=gnu++11   conftest.cpp  >&5
configure:5663: $? = 0
configure:5663: result: yes
configure:5663: checking for posix_fadvise
configure:5663: g++ -o conftest -g -O2 -std=gnu++11   conftest.cpp  >&5
Undefined symbols for architecture x86_64:
  "_posix_fadvise", referenced from:
      _main in conftest-14541f.o
ld: symbol(s) not found for architecture x86_64
clang: error: linker command failed with exit code 1 (use -v to see invocation)
configure:5663: $? = 1
configure: failed program was:
| /* confdefs.h */
| #define PACKAGE_NAME "BEETL"
| #define PACKAGE_TARNAME "beetl"
| #define PACKAGE_VERSION "1.0"
| #define PACKAGE_STRING "BEETL 1.0"
| #define PACKAGE_BUGREPORT "acox@illumina.com"
| #define PACKAGE_URL ""
| #define PACKAGE "beetl"
| #define VERSION "1.0"
| #define HAVE_CXX11 1
| #define STDC_HEADERS 1
| #define HAVE_SYS_TYPES_H 1
| #define HAVE_SYS_STAT_H 1
| #define HAVE_STDLIB_H 1
| #define HAVE_STRING_H 1
| #define HAVE_MEMORY_H 1
| #define HAVE_STRINGS_H 1
| #define HAVE_INTTYPES_H 1
| #define HAVE_STDINT_H 1
| #define HAVE_UNISTD_H 1
| #define HAVE_FCNTL_H 1
| #define HAVE_STDLIB_H 1
| #define HAVE_STRING_H 1
| #define HAVE_SYS_TIME_H 1
| #define HAVE_UNISTD_H 1
| #define HAVE_STDBOOL_H 1
| #define TIME_WITH_SYS_TIME 1
| #define HAVE_STDLIB_H 1
| #define HAVE_MALLOC 1
| #define HAVE_FLOOR 1
| #define HAVE_GETTIMEOFDAY 1
| #define HAVE_MEMSET 1
| #define HAVE_MKDIR 1
| #define HAVE_STRCHR 1
| #define HAVE_STRTOUL 1
| #define HAVE_STRCASECMP 1
| /* end confdefs.h.  */
| /* Define posix_fadvise to an innocuous variant, in case <limits.h> declares posix_fadvise.
|    For example, HP-UX 11i <limits.h> declares gettimeofday.  */
| #define posix_fadvise innocuous_posix_fadvise
| 
| /* System header to define __stub macros and hopefully few prototypes,
|     which can conflict with char posix_fadvise (); below.
|     Prefer <limits.h> to <assert.h> if __STDC__ is defined, since
|     <limits.h> exists even on freestanding compilers.  */
| 
| #ifdef __STDC__
| # include <limits.h>
| #else
| # include <assert.h>
| #endif
| 
| #undef posix_fadvise
| 
| /* Override any GCC internal prototype to avoid an error.
|    Use char because int might match the return type of a GCC
|    builtin and then its argument prototype would still apply.  */
| #ifdef __cplusplus
| extern "C"
| #endif
| char posix_fadvise ();
| /* The GNU C library defines this for functions which it implements
|     to always fail with ENOSYS.  Some functions are actually named
|     something starting with __ and the normal name is an alias.  */
| #if defined __stub_posix_fadvise || defined __stub___posix_fadvise
| choke me
| #endif
| 
| int
| main ()
| {
| return posix_fadvise ();
|   ;
|   return 0;
| }
configure:5663: result: no
configure:5663: checking for sysinfo
configure:5663: g++ -o conftest -g -O2 -std=gnu++11   conftest.cpp  >&5
Undefined symbols for architecture x86_64:
  "_sysinfo", referenced from:
      _main in conftest-badb3e.o
ld: symbol(s) not found for architecture x86_64
clang: error: linker command failed with exit code 1 (use -v to see invocation)
configure:5663: $? = 1
configure: failed program was:
| /* confdefs.h */
| #define PACKAGE_NAME "BEETL"
| #define PACKAGE_TARNAME "beetl"
| #define PACKAGE_VERSION "1.0"
| #define PACKAGE_STRING "BEETL 1.0"
| #define PACKAGE_BUGREPORT "acox@illumina.com"
| #define PACKAGE_URL ""
| #define PACKAGE "beetl"
| #define VERSION "1.0"
| #define HAVE_CXX11 1
| #define STDC_HEADERS 1
| #define HAVE_SYS_TYPES_H 1
| #define HAVE_SYS_STAT_H 1
| #define HAVE_STDLIB_H 1
| #define HAVE_STRING_H 1
| #define HAVE_MEMORY_H 1
| #define HAVE_STRINGS_H 1
| #define HAVE_INTTYPES_H 1
| #define HAVE_STDINT_H 1
| #define HAVE_UNISTD_H 1
| #define HAVE_FCNTL_H 1
| #define HAVE_STDLIB_H 1
| #define HAVE_STRING_H 1
| #define HAVE_SYS_TIME_H 1
| #define HAVE_UNISTD_H 1
| #define HAVE_STDBOOL_H 1
| #define TIME_WITH_SYS_TIME 1
| #define HAVE_STDLIB_H 1
| #define HAVE_MALLOC 1
| #define HAVE_FLOOR 1
| #define HAVE_GETTIMEOFDAY 1
| #define HAVE_MEMSET 1
| #define HAVE_MKDIR 1
| #define HAVE_STRCHR 1
| #define HAVE_STRTOUL 1
| #define HAVE_STRCASECMP 1
| /* end confdefs.h.  */
| /* Define sysinfo to an innocuous variant, in case <limits.h> declares sysinfo.
|    For example, HP-UX 11i <limits.h> declares gettimeofday.  */
| #define sysinfo innocuous_sysinfo
| 
| /* System header to define __stub macros and hopefully few prototypes,
|     which can conflict with char sysinfo (); below.
|     Prefer <limits.h> to <assert.h> if __STDC__ is defined, since
|     <limits.h> exists even on freestanding compilers.  */
| 
| #ifdef __STDC__
| # include <limits.h>
| #else
| # include <assert.h>
| #endif
| 
| #undef sysinfo
| 
| /* Override any GCC internal prototype to avoid an error.
|    Use char because int might match the return type of a GCC
|    builtin and then its argument prototype would still apply.  */
| #ifdef __cplusplus
| extern "C"
| #endif
| char sysinfo ();
| /* The GNU C library defines this for functions which it implements
|     to always fail with ENOSYS.  Some functions are actually named
|     something starting with __ and the normal name is an alias.  */
| #if defined __stub_sysinfo || defined __stub___sysinfo
| choke me
| #endif
| 
| int
| main ()
| {
| return sysinfo ();
|   ;
|   return 0;
| }
configure:5663: result: no
configure:5663: checking for sysctlbyname
configure:5663: g++ -o conftest -g -O2 -std=gnu++11   conftest.cpp  >&5
configure:5663: $? = 0
configure:5663: result: yes
configure:5663: checking for proc_pidpath
configure:5663: g++ -o conftest -g -O2 -std=gnu++11   conftest.cpp  >&5
configure:5663: $? = 0
configure:5663: result: yes
configure:5784: checking that generated files are newer than configure
configure:5790: result: done
configure:5817: creating ./config.status

## ---------------------- ##
## Running config.status. ##
## ---------------------- ##

This file was extended by BEETL config.status 1.0, which was
generated by GNU Autoconf 2.69.  Invocation command line was

  CONFIG_FILES    = 
  CONFIG_HEADERS  = 
  CONFIG_LINKS    = 
  CONFIG_COMMANDS = 
  $ ./config.status 

on hwangdeMacBook-Pro.local

config.status:899: creating Makefile
config.status:899: creating src/Makefile
config.status:899: creating src/frontends/Makefile
config.status:899: creating src/frontends/beetl
config.status:899: creating src/metagenomics/Makefile
config.status:899: creating scripts/Makefile
config.status:899: creating scripts/lcp/Makefile
config.status:899: creating scripts/tumourNormalFiltering/Makefile
config.status:899: creating scripts/BEETL-fastq/Makefile
config.status:899: creating scripts/perSubsetDistributedLauncher/Makefile
config.status:899: creating share/Makefile
config.status:899: creating tests/Makefile
config.status:899: creating doc/Makefile
config.status:899: creating config.h
config.status:1128: executing depfiles commands

## ---------------- ##
## Cache variables. ##
## ---------------- ##

ac_cv_c_compiler_gnu=yes
ac_cv_c_const=yes
ac_cv_cxx_compiler_gnu=yes
ac_cv_env_CCC_set=
ac_cv_env_CCC_value=
ac_cv_env_CC_set=
ac_cv_env_CC_value=
ac_cv_env_CFLAGS_set=
ac_cv_env_CFLAGS_value=
ac_cv_env_CPPFLAGS_set=
ac_cv_env_CPPFLAGS_value=
ac_cv_env_CXXCPP_set=
ac_cv_env_CXXCPP_value=
ac_cv_env_CXXFLAGS_set=
ac_cv_env_CXXFLAGS_value=
ac_cv_env_CXX_set=
ac_cv_env_CXX_value=
ac_cv_env_LDFLAGS_set=
ac_cv_env_LDFLAGS_value=
ac_cv_env_LIBS_set=
ac_cv_env_LIBS_value=
ac_cv_env_build_alias_set=
ac_cv_env_build_alias_value=
ac_cv_env_host_alias_set=
ac_cv_env_host_alias_value=
ac_cv_env_target_alias_set=
ac_cv_env_target_alias_value=
ac_cv_func_floor=yes
ac_cv_func_gettimeofday=yes
ac_cv_func_lstat_dereferences_slashed_symlink=no
ac_cv_func_malloc_0_nonnull=yes
ac_cv_func_memset=yes
ac_cv_func_mkdir=yes
ac_cv_func_posix_fadvise=no
ac_cv_func_proc_pidpath=yes
ac_cv_func_setvbuf_reversed=no
ac_cv_func_stat_empty_string_bug=no
ac_cv_func_strcasecmp=yes
ac_cv_func_strchr=yes
ac_cv_func_strtoul=yes
ac_cv_func_sysctlbyname=yes
ac_cv_func_sysinfo=no
ac_cv_header_fcntl_h=yes
ac_cv_header_inttypes_h=yes
ac_cv_header_memory_h=yes
ac_cv_header_stdbool_h=yes
ac_cv_header_stdc=yes
ac_cv_header_stdint_h=yes
ac_cv_header_stdlib_h=yes
ac_cv_header_string_h=yes
ac_cv_header_strings_h=yes
ac_cv_header_sys_stat_h=yes
ac_cv_header_sys_time_h=yes
ac_cv_header_sys_types_h=yes
ac_cv_header_time=yes
ac_cv_header_unistd_h=yes
ac_cv_lib_error_at_line=no
ac_cv_objext=o
ac_cv_path_EGREP='/usr/bin/grep -E'
ac_cv_path_GREP=/usr/bin/grep
ac_cv_path_install='/usr/bin/install -c'
ac_cv_prog_AWK=awk
ac_cv_prog_CXXCPP='g++ -E'
ac_cv_prog_ac_ct_CC=gcc
ac_cv_prog_ac_ct_CXX=g++
ac_cv_prog_ac_ct_RANLIB=ranlib
ac_cv_prog_cc_c89=
ac_cv_prog_cc_g=yes
ac_cv_prog_cxx_g=yes
ac_cv_prog_cxx_openmp=unsupported
ac_cv_prog_make_make_set=yes
ac_cv_type__Bool=no
ac_cv_type_off_t=yes
ac_cv_type_size_t=yes
am_cv_CC_dependencies_compiler_type=gcc3
am_cv_CXX_dependencies_compiler_type=gcc3
am_cv_make_support_nested_variables=yes
am_cv_prog_cc_c_o=yes
ax_cv_cxx_compile_cxx11=no
ax_cv_cxx_compile_cxx11__std_gnupp11=yes

## ----------------- ##
## Output variables. ##
## ----------------- ##

ACLOCAL='${SHELL} /Users/hwang/Documents/Github/MIC_BWTConstruction/BEETL-RELEASE_1_0_0/missing aclocal-1.14'
AMDEPBACKSLASH='\'
AMDEP_FALSE='#'
AMDEP_TRUE=''
AMTAR='$${TAR-tar}'
AM_BACKSLASH='\'
AM_DEFAULT_V='$(AM_DEFAULT_VERBOSITY)'
AM_DEFAULT_VERBOSITY='1'
AM_V='$(V)'
AUTOCONF='${SHELL} /Users/hwang/Documents/Github/MIC_BWTConstruction/BEETL-RELEASE_1_0_0/missing autoconf'
AUTOHEADER='${SHELL} /Users/hwang/Documents/Github/MIC_BWTConstruction/BEETL-RELEASE_1_0_0/missing autoheader'
AUTOMAKE='${SHELL} /Users/hwang/Documents/Github/MIC_BWTConstruction/BEETL-RELEASE_1_0_0/missing automake-1.14'
AWK='awk'
BOOST_CXXFLAGS=''
BOOST_LDADD=''
BOOST_LDFLAGS=''
BOOST_PATH='not found (but only used for experimental stuff)'
CC='gcc'
CCDEPMODE='depmode=gcc3'
CFLAGS='-g -O2'
CPPFLAGS=''
CXX='g++'
CXXCPP='g++ -E'
CXXDEPMODE='depmode=gcc3'
CXXFLAGS='-g -O2 -std=gnu++11'
CYGPATH_W='echo'
DEFS='-DHAVE_CONFIG_H'
DEPDIR='.deps'
ECHO_C='\c'
ECHO_N=''
ECHO_T=''
EGREP='/usr/bin/grep -E'
EXEEXT=''
GREP='/usr/bin/grep'
HAVE_CXX11='1'
INSTALL_DATA='${INSTALL} -m 644'
INSTALL_PROGRAM='${INSTALL}'
INSTALL_SCRIPT='${INSTALL}'
INSTALL_STRIP_PROGRAM='$(install_sh) -c -s'
LDFLAGS=''
LIBOBJS=' ${LIBOBJDIR}error$U.o ${LIBOBJDIR}lstat$U.o'
LIBS=''
LN_S='ln -s'
LTLIBOBJS=' ${LIBOBJDIR}error$U.lo ${LIBOBJDIR}lstat$U.lo'
MAKEINFO='${SHELL} /Users/hwang/Documents/Github/MIC_BWTConstruction/BEETL-RELEASE_1_0_0/missing makeinfo'
MKDIR_P='./install-sh -c -d'
OBJEXT='o'
OPENMP_CXXFLAGS=''
PACKAGE='beetl'
PACKAGE_BUGREPORT='acox@illumina.com'
PACKAGE_NAME='BEETL'
PACKAGE_STRING='BEETL 1.0'
PACKAGE_TARNAME='beetl'
PACKAGE_URL=''
PACKAGE_VERSION='1.0'
PATH_SEPARATOR=':'
RANLIB='ranlib'
SEQAN_CXXFLAGS=''
SEQAN_PATH='not found (Metagenomics tool '\''makeBWTSkew'\'' will be unavailable - download at www.seqan.de)'
SET_MAKE=''
SHELL='/bin/sh'
STRIP=''
VERSION='1.0'
ac_ct_CC='gcc'
ac_ct_CXX='g++'
am__EXEEXT_FALSE=''
am__EXEEXT_TRUE='#'
am__fastdepCC_FALSE='#'
am__fastdepCC_TRUE=''
am__fastdepCXX_FALSE='#'
am__fastdepCXX_TRUE=''
am__include='include'
am__isrc=''
am__leading_dot='.'
am__nodep='_no'
am__quote=''
am__tar='$${TAR-tar} chof - "$$tardir"'
am__untar='$${TAR-tar} xf -'
bindir='${exec_prefix}/bin'
build_alias=''
datadir='${datarootdir}'
datarootdir='${prefix}/share'
docdir='${datarootdir}/doc/${PACKAGE_TARNAME}'
dvidir='${docdir}'
exec_prefix='${prefix}'
host_alias=''
htmldir='${docdir}'
includedir='${prefix}/include'
infodir='${datarootdir}/info'
install_sh='${SHELL} /Users/hwang/Documents/Github/MIC_BWTConstruction/BEETL-RELEASE_1_0_0/install-sh'
libdir='${exec_prefix}/lib'
libexecdir='${exec_prefix}/libexec'
localedir='${datarootdir}/locale'
localstatedir='${prefix}/var'
mandir='${datarootdir}/man'
mkdir_p='$(MKDIR_P)'
oldincludedir='/usr/include'
pdfdir='${docdir}'
prefix='/usr/local'
program_transform_name='s,x,x,'
psdir='${docdir}'
sbindir='${exec_prefix}/sbin'
sharedstatedir='${prefix}/com'
sysconfdir='${prefix}/etc'
target_alias=''

## ----------- ##
## confdefs.h. ##
## ----------- ##

/* confdefs.h */
#define PACKAGE_NAME "BEETL"
#define PACKAGE_TARNAME "beetl"
#define PACKAGE_VERSION "1.0"
#define PACKAGE_STRING "BEETL 1.0"
#define PACKAGE_BUGREPORT "acox@illumina.com"
#define PACKAGE_URL ""
#define PACKAGE "beetl"
#define VERSION "1.0"
#define HAVE_CXX11 1
#define STDC_HEADERS 1
#define HAVE_SYS_TYPES_H 1
#define HAVE_SYS_STAT_H 1
#define HAVE_STDLIB_H 1
#define HAVE_STRING_H 1
#define HAVE_MEMORY_H 1
#define HAVE_STRINGS_H 1
#define HAVE_INTTYPES_H 1
#define HAVE_STDINT_H 1
#define HAVE_UNISTD_H 1
#define HAVE_FCNTL_H 1
#define HAVE_STDLIB_H 1
#define HAVE_STRING_H 1
#define HAVE_SYS_TIME_H 1
#define HAVE_UNISTD_H 1
#define HAVE_STDBOOL_H 1
#define TIME_WITH_SYS_TIME 1
#define HAVE_STDLIB_H 1
#define HAVE_MALLOC 1
#define HAVE_FLOOR 1
#define HAVE_GETTIMEOFDAY 1
#define HAVE_MEMSET 1
#define HAVE_MKDIR 1
#define HAVE_STRCHR 1
#define HAVE_STRTOUL 1
#define HAVE_STRCASECMP 1
#define HAVE_SYSCTLBYNAME 1
#define HAVE_PROC_PIDPATH 1

configure: exit 0
